<?xml version="1.0" encoding="UTF-8"?>
<coverage generated="1729003086468" clover="3.2.0">
  <project timestamp="1729003086468" name="All files">
    <metrics statements="49" coveredstatements="39" conditionals="7" coveredconditionals="6" methods="6" coveredmethods="5" elements="62" coveredelements="50" complexity="0" loc="49" ncloc="49" packages="1" files="3" classes="3"/>
    <file name="App.jsx" path="C:\Opiskelu\24_03\Front end -ohjelmointi\vk8\ClearTodos\src\App.jsx">
      <metrics statements="27" coveredstatements="27" conditionals="4" coveredconditionals="4" methods="4" coveredmethods="4"/>
      <line num="1" count="1" type="stmt"/>
      <line num="2" count="1" type="stmt"/>
      <line num="3" count="1" type="stmt"/>
      <line num="5" count="10" type="cond" truecount="1" falsecount="0"/>
      <line num="6" count="10" type="stmt"/>
      <line num="7" count="10" type="stmt"/>
      <line num="9" count="10" type="cond" truecount="1" falsecount="0"/>
      <line num="10" count="3" type="stmt"/>
      <line num="11" count="3" type="stmt"/>
      <line num="12" count="3" type="stmt"/>
      <line num="14" count="10" type="cond" truecount="1" falsecount="0"/>
      <line num="15" count="4" type="stmt"/>
      <line num="16" count="4" type="stmt"/>
      <line num="18" count="10" type="stmt"/>
      <line num="19" count="10" type="stmt"/>
      <line num="20" count="10" type="stmt"/>
      <line num="21" count="10" type="stmt"/>
      <line num="22" count="10" type="stmt"/>
      <line num="23" count="10" type="stmt"/>
      <line num="24" count="10" type="cond" truecount="1" falsecount="0"/>
      <line num="25" count="1" type="stmt"/>
      <line num="26" count="1" type="stmt"/>
      <line num="28" count="10" type="stmt"/>
      <line num="29" count="10" type="stmt"/>
      <line num="30" count="10" type="stmt"/>
      <line num="32" count="10" type="stmt"/>
      <line num="34" count="1" type="stmt"/>
    </file>
    <file name="TodoTable.jsx" path="C:\Opiskelu\24_03\Front end -ohjelmointi\vk8\ClearTodos\src\TodoTable.jsx">
      <metrics statements="12" coveredstatements="12" conditionals="2" coveredconditionals="2" methods="1" coveredmethods="1"/>
      <line num="1" count="11" type="cond" truecount="1" falsecount="0"/>
      <line num="2" count="11" type="stmt"/>
      <line num="3" count="11" type="stmt"/>
      <line num="4" count="11" type="stmt"/>
      <line num="6" count="11" type="cond" truecount="1" falsecount="0"/>
      <line num="7" count="10" type="stmt"/>
      <line num="8" count="10" type="stmt"/>
      <line num="9" count="10" type="stmt"/>
      <line num="10" count="11" type="stmt"/>
      <line num="12" count="11" type="stmt"/>
      <line num="13" count="11" type="stmt"/>
      <line num="15" count="11" type="stmt"/>
    </file>
    <file name="main.jsx" path="C:\Opiskelu\24_03\Front end -ohjelmointi\vk8\ClearTodos\src\main.jsx">
      <metrics statements="10" coveredstatements="0" conditionals="1" coveredconditionals="0" methods="1" coveredmethods="0"/>
      <line num="1" count="0" type="cond" truecount="0" falsecount="1"/>
      <line num="2" count="0" type="stmt"/>
      <line num="3" count="0" type="stmt"/>
      <line num="4" count="0" type="stmt"/>
      <line num="5" count="0" type="stmt"/>
      <line num="6" count="0" type="stmt"/>
      <line num="7" count="0" type="stmt"/>
      <line num="8" count="0" type="stmt"/>
      <line num="9" count="0" type="stmt"/>
      <line num="10" count="0" type="stmt"/>
    </file>
  </project>
</coverage>
